========================================
Task 6: workload='MoE ExpertFFN E16 T256' topology='Ring 64'
Run dir: /home/nvemuri/projects/network-topology/logs/slurm-moe-map64-rerun-20260501-160133
Node: node1624, CPUs: 16, Mem: 24576
Start: Fri May  1 16:12:01 EDT 2026
========================================
ACCELFORGE_ROOT=/home/nvemuri/projects/network-topology/.venv/lib/python3.12/site-packages
Using 16 parallel jobs
========================================================================================================================
Topology Sweep: 1 workloads x 1 topologies (map=64 chips, eval=64 chips, independent collective costs, iterative feedback, damping=off)
========================================================================================================================

Topology            Diam  AvgHop  Degree   BisectBW
--------------------------------------------------
Ring 64               32   16.25   2-2       0.09 TB/s

Workload: MoE ExpertFFN E16 T256
  Ring 64            mapping+feedback... done (319s, 2 iters, converged)


========================================================================================================================
RESULTS (latency in ms, summed independent collective costs)
========================================================================================================================
                    Workload      Bytes     AG%        Ring 64       Best      Worst  Speedup
----------------------------------------------------------------------------------------------------------------------------------
      MoE ExpertFFN E16 T256   4.03e+08      0%            n/a            n/a            n/a          8.8ms            n/a            n/a            n/a            n/a       Ring       Ring    1.00x

========================================================================================================================
INSIGHTS
========================================================================================================================
Torus 4x4x4 wins: 0/1 workloads

Saved results to /home/nvemuri/projects/network-topology/logs/slurm-moe-map64-rerun-20260501-160133/MoE_ExpertFFN_E16_T256__Ring_64.json

Done!
========================================
Finished: Fri May  1 16:17:27 EDT 2026
========================================
