========================================
Task 7: workload='MoE ExpertFFN E16 T256' topology='Circulant {1,5,17}'
Run dir: /home/nvemuri/projects/network-topology/logs/slurm-moe-map64-rerun-20260501-160133
Node: node1624, CPUs: 16, Mem: 24576
Start: Fri May  1 16:12:01 EDT 2026
========================================
ACCELFORGE_ROOT=/home/nvemuri/projects/network-topology/.venv/lib/python3.12/site-packages
Using 16 parallel jobs
========================================================================================================================
Topology Sweep: 1 workloads x 1 topologies (map=64 chips, eval=64 chips, independent collective costs, iterative feedback, damping=off)
========================================================================================================================

Topology            Diam  AvgHop  Degree   BisectBW
--------------------------------------------------
Circulant {1,5,17}     4    2.73   6-6       2.07 TB/s

Workload: MoE ExpertFFN E16 T256
  Circulant {1,5,17} mapping+feedback... done (265s, 2 iters, converged)


========================================================================================================================
RESULTS (latency in ms, summed independent collective costs)
========================================================================================================================
                    Workload      Bytes     AG% Circulant {1,5,17}       Best      Worst  Speedup
----------------------------------------------------------------------------------------------------------------------------------
      MoE ExpertFFN E16 T256   4.03e+08      0%            n/a            n/a            n/a            n/a            n/a            n/a            n/a          2.9ms  Circulant  Circulant    1.00x

========================================================================================================================
INSIGHTS
========================================================================================================================
Torus 4x4x4 wins: 0/1 workloads

Saved results to /home/nvemuri/projects/network-topology/logs/slurm-moe-map64-rerun-20260501-160133/MoE_ExpertFFN_E16_T256__Circulant_1_5_17.json

Done!
========================================
Finished: Fri May  1 16:16:33 EDT 2026
========================================
