========================================
Task 0: workload='MoE ExpertFFN E16 T64' topology='Torus 4x4x4'
Run dir: /home/nvemuri/projects/network-topology/logs/slurm-moe-map64-rerun-20260501-160133
Node: node3305, CPUs: 32, Mem: 98304
Start: Fri May  1 16:02:49 EDT 2026
========================================
ACCELFORGE_ROOT=/home/nvemuri/projects/network-topology/.venv/lib/python3.12/site-packages
Using 32 parallel jobs
========================================================================================================================
Topology Sweep: 1 workloads x 1 topologies (map=64 chips, eval=64 chips, independent collective costs, iterative feedback, damping=off)
========================================================================================================================

Topology            Diam  AvgHop  Degree   BisectBW
--------------------------------------------------
Torus 4x4x4            6    3.05   6-6       1.44 TB/s

Workload: MoE ExpertFFN E16 T64
  Torus 4x4x4        mapping+feedback... done (137s, 2 iters, converged)


========================================================================================================================
RESULTS (latency in ms, summed independent collective costs)
========================================================================================================================
                    Workload      Bytes     AG%    Torus 4x4x4       Best      Worst  Speedup
----------------------------------------------------------------------------------------------------------------------------------
       MoE ExpertFFN E16 T64   1.01e+08      0%          1.7ms            n/a            n/a            n/a            n/a            n/a            n/a            n/a      Torus      Torus    1.00x

========================================================================================================================
INSIGHTS
========================================================================================================================
Torus 4x4x4 wins: 1/1 workloads

Saved results to /home/nvemuri/projects/network-topology/logs/slurm-moe-map64-rerun-20260501-160133/MoE_ExpertFFN_E16_T64__Torus_4x4x4.json

Done!
========================================
Finished: Fri May  1 16:05:11 EDT 2026
========================================
